[ 2016-06-23T16:32:21+08:00 ] ::1 /aws/web/
INFO: [ app_init ] --START--
INFO: Run Behavior\BuildLiteBehavior [ RunTime:0.000000s ]
INFO: [ app_init ] --END-- [ RunTime:0.020001s ]
INFO: [ app_begin ] --START--
INFO: Run Behavior\ReadHtmlCacheBehavior [ RunTime:0.002000s ]
INFO: [ app_begin ] --END-- [ RunTime:0.002000s ]
NOTIC: [2048] Declaration of Home\Model\HjlistModel::add() should be compatible with Think\Model::add($data = '', $options = Array, $replace = false) D:\wamp\www\aws\web\Blog\Home\Model\HjlistModel.class.php 第 4 行.
NOTIC: [2048] Declaration of Home\Model\HjlistModel::save() should be compatible with Think\Model::save($data = '', $options = Array) D:\wamp\www\aws\web\Blog\Home\Model\HjlistModel.class.php 第 4 行.
SQL: SHOW COLUMNS FROM `tpf_hjlist` [ RunTime:0.1660s ]
SQL: SELECT * FROM `tpf_hjlist` LIMIT 0,10   [ RunTime:0.0270s ]
SQL: SELECT COUNT(*) AS tp_count FROM `tpf_hjlist` LIMIT 1   [ RunTime:0.0030s ]
INFO: [ view_parse ] --START--
INFO: [ template_filter ] --START--
INFO: Run Behavior\ContentReplaceBehavior [ RunTime:0.000000s ]
INFO: [ template_filter ] --END-- [ RunTime:0.001000s ]
INFO: Run Behavior\ParseTemplateBehavior [ RunTime:0.137008s ]
INFO: [ view_parse ] --END-- [ RunTime:0.137008s ]
INFO: [ view_filter ] --START--
INFO: Run Behavior\WriteHtmlCacheBehavior [ RunTime:0.017001s ]
INFO: [ view_filter ] --END-- [ RunTime:0.017001s ]
INFO: [ app_end ] --START--
INFO: Run Behavior\ShowPageTraceBehavior [ RunTime:0.005000s ]
INFO: [ app_end ] --END-- [ RunTime:0.005000s ]

[ 2016-06-23T16:37:30+08:00 ] ::1 /aws/web/
INFO: [ app_init ] --START--
INFO: Run Behavior\BuildLiteBehavior [ RunTime:0.000000s ]
INFO: [ app_init ] --END-- [ RunTime:0.001000s ]
INFO: [ app_begin ] --START--
INFO: Run Behavior\ReadHtmlCacheBehavior [ RunTime:0.001000s ]
INFO: [ app_begin ] --END-- [ RunTime:0.002001s ]
NOTIC: [2048] Declaration of Home\Model\HjlistModel::add() should be compatible with Think\Model::add($data = '', $options = Array, $replace = false) D:\wamp\www\aws\web\Blog\Home\Model\HjlistModel.class.php 第 4 行.
NOTIC: [2048] Declaration of Home\Model\HjlistModel::save() should be compatible with Think\Model::save($data = '', $options = Array) D:\wamp\www\aws\web\Blog\Home\Model\HjlistModel.class.php 第 4 行.
SQL: SHOW COLUMNS FROM `tpf_hjlist` [ RunTime:0.0110s ]
SQL: SELECT * FROM `tpf_hjlist` LIMIT 0,10   [ RunTime:0.0010s ]
SQL: SELECT COUNT(*) AS tp_count FROM `tpf_hjlist` LIMIT 1   [ RunTime:0.0000s ]
INFO: [ view_parse ] --START--
INFO: [ template_filter ] --START--
INFO: Run Behavior\ContentReplaceBehavior [ RunTime:0.000000s ]
INFO: [ template_filter ] --END-- [ RunTime:0.000000s ]
INFO: Run Behavior\ParseTemplateBehavior [ RunTime:0.013001s ]
INFO: [ view_parse ] --END-- [ RunTime:0.013001s ]
INFO: [ view_filter ] --START--
INFO: Run Behavior\WriteHtmlCacheBehavior [ RunTime:0.001000s ]
INFO: [ view_filter ] --END-- [ RunTime:0.001000s ]
INFO: [ app_end ] --START--
INFO: Run Behavior\ShowPageTraceBehavior [ RunTime:0.001000s ]
INFO: [ app_end ] --END-- [ RunTime:0.002000s ]

[ 2016-06-23T18:41:43+08:00 ] ::1 /aws/web/index.php/Home/Index/index/p/2.html
INFO: [ app_init ] --START--
INFO: Run Behavior\BuildLiteBehavior [ RunTime:0.000000s ]
INFO: [ app_init ] --END-- [ RunTime:0.001000s ]
INFO: [ app_begin ] --START--
INFO: Run Behavior\ReadHtmlCacheBehavior [ RunTime:0.012000s ]
INFO: [ app_begin ] --END-- [ RunTime:0.012000s ]
NOTIC: [2048] Declaration of Home\Model\HjlistModel::add() should be compatible with Think\Model::add($data = '', $options = Array, $replace = false) D:\wamp\www\aws\web\Blog\Home\Model\HjlistModel.class.php 第 4 行.
NOTIC: [2048] Declaration of Home\Model\HjlistModel::save() should be compatible with Think\Model::save($data = '', $options = Array) D:\wamp\www\aws\web\Blog\Home\Model\HjlistModel.class.php 第 4 行.
SQL: SHOW COLUMNS FROM `tpf_hjlist` [ RunTime:0.1370s ]
SQL: SELECT * FROM `tpf_hjlist` LIMIT 10,10   [ RunTime:0.0010s ]
SQL: SELECT COUNT(*) AS tp_count FROM `tpf_hjlist` LIMIT 1   [ RunTime:0.0010s ]
INFO: [ view_parse ] --START--
INFO: [ template_filter ] --START--
INFO: Run Behavior\ContentReplaceBehavior [ RunTime:0.009000s ]
INFO: [ template_filter ] --END-- [ RunTime:0.009000s ]
INFO: Run Behavior\ParseTemplateBehavior [ RunTime:0.048003s ]
INFO: [ view_parse ] --END-- [ RunTime:0.049003s ]
INFO: [ view_filter ] --START--
INFO: Run Behavior\WriteHtmlCacheBehavior [ RunTime:0.001000s ]
INFO: [ view_filter ] --END-- [ RunTime:0.001000s ]
INFO: [ app_end ] --START--
INFO: Run Behavior\ShowPageTraceBehavior [ RunTime:0.001000s ]
INFO: [ app_end ] --END-- [ RunTime:0.002000s ]

[ 2016-06-23T18:41:45+08:00 ] ::1 /aws/web/index.php/Home/Index/index/p/5.html
INFO: [ app_init ] --START--
INFO: Run Behavior\BuildLiteBehavior [ RunTime:0.000000s ]
INFO: [ app_init ] --END-- [ RunTime:0.001000s ]
INFO: [ app_begin ] --START--
INFO: Run Behavior\ReadHtmlCacheBehavior [ RunTime:0.000000s ]
INFO: [ app_begin ] --END-- [ RunTime:0.001000s ]
NOTIC: [2048] Declaration of Home\Model\HjlistModel::add() should be compatible with Think\Model::add($data = '', $options = Array, $replace = false) D:\wamp\www\aws\web\Blog\Home\Model\HjlistModel.class.php 第 4 行.
NOTIC: [2048] Declaration of Home\Model\HjlistModel::save() should be compatible with Think\Model::save($data = '', $options = Array) D:\wamp\www\aws\web\Blog\Home\Model\HjlistModel.class.php 第 4 行.
SQL: SHOW COLUMNS FROM `tpf_hjlist` [ RunTime:0.0130s ]
SQL: SELECT * FROM `tpf_hjlist` LIMIT 40,10   [ RunTime:0.0000s ]
SQL: SELECT COUNT(*) AS tp_count FROM `tpf_hjlist` LIMIT 1   [ RunTime:0.0010s ]
INFO: [ view_parse ] --START--
INFO: [ template_filter ] --START--
INFO: Run Behavior\ContentReplaceBehavior [ RunTime:0.000000s ]
INFO: [ template_filter ] --END-- [ RunTime:0.000000s ]
INFO: Run Behavior\ParseTemplateBehavior [ RunTime:0.009001s ]
INFO: [ view_parse ] --END-- [ RunTime:0.010001s ]
INFO: [ view_filter ] --START--
INFO: Run Behavior\WriteHtmlCacheBehavior [ RunTime:0.000000s ]
INFO: [ view_filter ] --END-- [ RunTime:0.000000s ]
INFO: [ app_end ] --START--
INFO: Run Behavior\ShowPageTraceBehavior [ RunTime:0.000000s ]
INFO: [ app_end ] --END-- [ RunTime:0.000000s ]

